2018-11-09 19:35:50,010 [ERROR] from com.jpro.meta.tk.SceneInputListener in JavaFX Application Thread - error in process input MouseEventToken(MouseReleased,1789.0,29.0,MouseButtonPrimary,false,false,false,false,false,false,false,false)
java.lang.reflect.InvocationTargetException: null
	at sun.reflect.GeneratedMethodAccessor12.invoke(Unknown Source)
	at sun.reflect.DelegatingMethodAccessorImpl.invoke(DelegatingMethodAccessorImpl.java:43)
	at java.lang.reflect.Method.invoke(Method.java:498)
	at simplefx.util.ReflectionUtil$UseReflection.applyDynamic(ReflectionUtil.scala:20)
	at com.jpro.meta.tk.SceneInputListener.processInputInScene(SceneInputListener.scala:111)
	at com.jpro.meta.tk.SceneInputListener.processInput(SceneInputListener.scala:66)
	at com.jpro.meta.tk.SceneInputListener.$anonfun$new$3(SceneInputListener.scala:46)
	at simplefx.cores.standard.parts.CoreTimeEvent.$anonfun$runAsAnimation$1(CoreTimeEvent.scala:59)
	at simplefx.cores.standard.parts.CoreTimeEvent$$anon$2.evaluateTasks$1(CoreTimeEvent.scala:41)
	at simplefx.cores.standard.parts.CoreTimeEvent$$anon$2.handle(CoreTimeEvent.scala:49)
	at javafx.animation.AnimationTimer$AnimationTimerReceiver.lambda$handle$484(AnimationTimer.java:57)
	at java.security.AccessController.doPrivileged(Native Method)
	at javafx.animation.AnimationTimer$AnimationTimerReceiver.handle(AnimationTimer.java:56)
	at com.sun.scenario.animation.AbstractMasterTimer.timePulseImpl(AbstractMasterTimer.java:357)
	at com.sun.scenario.animation.AbstractMasterTimer$MainLoop.run(AbstractMasterTimer.java:267)
	at com.sun.javafx.tk.quantum.QuantumToolkit.pulse(QuantumToolkit.java:506)
	at com.sun.javafx.tk.quantum.QuantumToolkit.pulse(QuantumToolkit.java:490)
	at com.sun.javafx.tk.quantum.QuantumToolkit.lambda$runToolkit$404(QuantumToolkit.java:319)
	at com.sun.glass.ui.monocle.RunnableProcessor.runLoop(RunnableProcessor.java:92)
	at com.sun.glass.ui.monocle.RunnableProcessor.run(RunnableProcessor.java:51)
	at java.lang.Thread.run(Thread.java:745)
Caused by: java.lang.reflect.InvocationTargetException: null
	at sun.reflect.GeneratedMethodAccessor13.invoke(Unknown Source)
	at sun.reflect.DelegatingMethodAccessorImpl.invoke(DelegatingMethodAccessorImpl.java:43)
	at java.lang.reflect.Method.invoke(Method.java:498)
	at simplefx.util.ReflectionUtil$UseReflection.applyDynamic(ReflectionUtil.scala:20)
	at com.sun.glass.ui.monocle.input.fork.NativeMouseInput.notifyMouse(NativeMouseInput.scala:322)
	at com.sun.glass.ui.monocle.input.fork.NativeMouseInput.postMouseEvent(NativeMouseInput.scala:222)
	at com.sun.glass.ui.monocle.input.fork.NativeMouseInput.setState(NativeMouseInput.scala:182)
	... 21 common frames omitted
Caused by: java.lang.UnsupportedOperationException: null
	at com.sun.glass.ui.monocle.MonocleApplication.staticCommonDialogs_showFileChooser(MonocleApplication.java:293)
	at com.sun.glass.ui.CommonDialogs.showFileChooser(CommonDialogs.java:212)
	at com.sun.javafx.tk.quantum.QuantumToolkit.showFileChooser(QuantumToolkit.java:1496)
	at javafx.stage.FileChooser.showDialog(FileChooser.java:416)
	at javafx.stage.FileChooser.showOpenDialog(FileChooser.java:350)
	at plug.ui2.model_view.LoadFilePane.selectFilePath(LoadFilePane.java:74)
	at com.sun.javafx.event.CompositeEventHandler.dispatchBubblingEvent(CompositeEventHandler.java:86)
	at com.sun.javafx.event.EventHandlerManager.dispatchBubblingEvent(EventHandlerManager.java:238)
	at com.sun.javafx.event.EventHandlerManager.dispatchBubblingEvent(EventHandlerManager.java:191)
	at com.sun.javafx.event.CompositeEventDispatcher.dispatchBubblingEvent(CompositeEventDispatcher.java:59)
	at com.sun.javafx.event.BasicEventDispatcher.dispatchEvent(BasicEventDispatcher.java:58)
	at com.sun.javafx.event.EventDispatchChainImpl.dispatchEvent(EventDispatchChainImpl.java:114)
	at com.sun.javafx.event.BasicEventDispatcher.dispatchEvent(BasicEventDispatcher.java:56)
	at com.sun.javafx.event.EventDispatchChainImpl.dispatchEvent(EventDispatchChainImpl.java:114)
	at com.sun.javafx.event.BasicEventDispatcher.dispatchEvent(BasicEventDispatcher.java:56)
	at com.sun.javafx.event.EventDispatchChainImpl.dispatchEvent(EventDispatchChainImpl.java:114)
	at com.sun.javafx.event.BasicEventDispatcher.dispatchEvent(BasicEventDispatcher.java:56)
	at com.sun.javafx.event.EventDispatchChainImpl.dispatchEvent(EventDispatchChainImpl.java:114)
	at com.sun.javafx.event.BasicEventDispatcher.dispatchEvent(BasicEventDispatcher.java:56)
	at com.sun.javafx.event.EventDispatchChainImpl.dispatchEvent(EventDispatchChainImpl.java:114)
	at com.sun.javafx.event.EventUtil.fireEventImpl(EventUtil.java:74)
	at com.sun.javafx.event.EventUtil.fireEvent(EventUtil.java:49)
	at javafx.event.Event.fireEvent(Event.java:198)
	at javafx.scene.Node.fireEvent(Node.java:8413)
	at javafx.scene.control.Button.fire(Button.java:185)
	at com.sun.javafx.scene.control.behavior.ButtonBehavior.mouseReleased(ButtonBehavior.java:182)
	at com.sun.javafx.scene.control.skin.BehaviorSkinBase$1.handle(BehaviorSkinBase.java:96)
	at com.sun.javafx.scene.control.skin.BehaviorSkinBase$1.handle(BehaviorSkinBase.java:89)
	at com.sun.javafx.event.CompositeEventHandler$NormalEventHandlerRecord.handleBubblingEvent(CompositeEventHandler.java:218)
	at com.sun.javafx.event.CompositeEventHandler.dispatchBubblingEvent(CompositeEventHandler.java:80)
	at com.sun.javafx.event.EventHandlerManager.dispatchBubblingEvent(EventHandlerManager.java:238)
	at com.sun.javafx.event.EventHandlerManager.dispatchBubblingEvent(EventHandlerManager.java:191)
	at com.sun.javafx.event.CompositeEventDispatcher.dispatchBubblingEvent(CompositeEventDispatcher.java:59)
	at com.sun.javafx.event.BasicEventDispatcher.dispatchEvent(BasicEventDispatcher.java:58)
	at com.sun.javafx.event.EventDispatchChainImpl.dispatchEvent(EventDispatchChainImpl.java:114)
	at com.sun.javafx.event.BasicEventDispatcher.dispatchEvent(BasicEventDispatcher.java:56)
	at com.sun.javafx.event.EventDispatchChainImpl.dispatchEvent(EventDispatchChainImpl.java:114)
	at com.sun.javafx.event.BasicEventDispatcher.dispatchEvent(BasicEventDispatcher.java:56)
	at com.sun.javafx.event.EventDispatchChainImpl.dispatchEvent(EventDispatchChainImpl.java:114)
	at com.sun.javafx.event.BasicEventDispatcher.dispatchEvent(BasicEventDispatcher.java:56)
	at com.sun.javafx.event.EventDispatchChainImpl.dispatchEvent(EventDispatchChainImpl.java:114)
	at com.sun.javafx.event.BasicEventDispatcher.dispatchEvent(BasicEventDispatcher.java:56)
	at com.sun.javafx.event.EventDispatchChainImpl.dispatchEvent(EventDispatchChainImpl.java:114)
	at com.sun.javafx.event.EventUtil.fireEventImpl(EventUtil.java:74)
	at com.sun.javafx.event.EventUtil.fireEvent(EventUtil.java:54)
	at javafx.event.Event.fireEvent(Event.java:198)
	at javafx.scene.Scene$MouseHandler.process(Scene.java:3757)
	at javafx.scene.Scene$MouseHandler.access$1500(Scene.java:3485)
	at javafx.scene.Scene.impl_processMouseEvent(Scene.java:1762)
	at javafx.scene.Scene$ScenePeerListener.mouseEvent(Scene.java:2494)
	at com.sun.javafx.tk.quantum.GlassViewEventHandler$MouseEventNotification.run(GlassViewEventHandler.java:381)
	at com.sun.javafx.tk.quantum.GlassViewEventHandler$MouseEventNotification.run(GlassViewEventHandler.java:295)
	at java.security.AccessController.doPrivileged(Native Method)
	at com.sun.javafx.tk.quantum.GlassViewEventHandler.lambda$handleMouseEvent$354(GlassViewEventHandler.java:417)
	at com.sun.javafx.tk.quantum.QuantumToolkit.runWithoutRenderLock(QuantumToolkit.java:389)
	at com.sun.javafx.tk.quantum.GlassViewEventHandler.handleMouseEvent(GlassViewEventHandler.java:416)
	at com.sun.glass.ui.View.handleMouseEvent(View.java:555)
	at com.sun.glass.ui.View.notifyMouse(View.java:937)
	at com.sun.glass.ui.monocle.MonocleView.notifyMouse(MonocleView.java:116)
	... 28 common frames omitted
2018-11-09 19:35:52,427 [ERROR] from com.jpro.meta.tk.SceneInputListener in JavaFX Application Thread - error in process input MouseEventToken(MouseReleased,1797.0,16.0,MouseButtonPrimary,false,false,false,false,false,false,false,false)
java.lang.reflect.InvocationTargetException: null
	at sun.reflect.GeneratedMethodAccessor12.invoke(Unknown Source)
	at sun.reflect.DelegatingMethodAccessorImpl.invoke(DelegatingMethodAccessorImpl.java:43)
	at java.lang.reflect.Method.invoke(Method.java:498)
	at simplefx.util.ReflectionUtil$UseReflection.applyDynamic(ReflectionUtil.scala:20)
	at com.jpro.meta.tk.SceneInputListener.processInputInScene(SceneInputListener.scala:111)
	at com.jpro.meta.tk.SceneInputListener.processInput(SceneInputListener.scala:66)
	at com.jpro.meta.tk.SceneInputListener.$anonfun$new$3(SceneInputListener.scala:46)
	at simplefx.cores.standard.parts.CoreTimeEvent.$anonfun$runAsAnimation$1(CoreTimeEvent.scala:59)
	at simplefx.cores.standard.parts.CoreTimeEvent$$anon$2.evaluateTasks$1(CoreTimeEvent.scala:41)
	at simplefx.cores.standard.parts.CoreTimeEvent$$anon$2.handle(CoreTimeEvent.scala:49)
	at javafx.animation.AnimationTimer$AnimationTimerReceiver.lambda$handle$484(AnimationTimer.java:57)
	at java.security.AccessController.doPrivileged(Native Method)
	at javafx.animation.AnimationTimer$AnimationTimerReceiver.handle(AnimationTimer.java:56)
	at com.sun.scenario.animation.AbstractMasterTimer.timePulseImpl(AbstractMasterTimer.java:357)
	at com.sun.scenario.animation.AbstractMasterTimer$MainLoop.run(AbstractMasterTimer.java:267)
	at com.sun.javafx.tk.quantum.QuantumToolkit.pulse(QuantumToolkit.java:506)
	at com.sun.javafx.tk.quantum.QuantumToolkit.pulse(QuantumToolkit.java:490)
	at com.sun.javafx.tk.quantum.QuantumToolkit.lambda$runToolkit$404(QuantumToolkit.java:319)
	at com.sun.glass.ui.monocle.RunnableProcessor.runLoop(RunnableProcessor.java:92)
	at com.sun.glass.ui.monocle.RunnableProcessor.run(RunnableProcessor.java:51)
	at java.lang.Thread.run(Thread.java:745)
Caused by: java.lang.reflect.InvocationTargetException: null
	at sun.reflect.GeneratedMethodAccessor13.invoke(Unknown Source)
	at sun.reflect.DelegatingMethodAccessorImpl.invoke(DelegatingMethodAccessorImpl.java:43)
	at java.lang.reflect.Method.invoke(Method.java:498)
	at simplefx.util.ReflectionUtil$UseReflection.applyDynamic(ReflectionUtil.scala:20)
	at com.sun.glass.ui.monocle.input.fork.NativeMouseInput.notifyMouse(NativeMouseInput.scala:322)
	at com.sun.glass.ui.monocle.input.fork.NativeMouseInput.postMouseEvent(NativeMouseInput.scala:222)
	at com.sun.glass.ui.monocle.input.fork.NativeMouseInput.setState(NativeMouseInput.scala:182)
	... 21 common frames omitted
Caused by: java.lang.UnsupportedOperationException: null
	at com.sun.glass.ui.monocle.MonocleApplication.staticCommonDialogs_showFileChooser(MonocleApplication.java:293)
	at com.sun.glass.ui.CommonDialogs.showFileChooser(CommonDialogs.java:212)
	at com.sun.javafx.tk.quantum.QuantumToolkit.showFileChooser(QuantumToolkit.java:1496)
	at javafx.stage.FileChooser.showDialog(FileChooser.java:416)
	at javafx.stage.FileChooser.showOpenDialog(FileChooser.java:350)
	at plug.ui2.model_view.LoadFilePane.selectFilePath(LoadFilePane.java:74)
	at com.sun.javafx.event.CompositeEventHandler.dispatchBubblingEvent(CompositeEventHandler.java:86)
	at com.sun.javafx.event.EventHandlerManager.dispatchBubblingEvent(EventHandlerManager.java:238)
	at com.sun.javafx.event.EventHandlerManager.dispatchBubblingEvent(EventHandlerManager.java:191)
	at com.sun.javafx.event.CompositeEventDispatcher.dispatchBubblingEvent(CompositeEventDispatcher.java:59)
	at com.sun.javafx.event.BasicEventDispatcher.dispatchEvent(BasicEventDispatcher.java:58)
	at com.sun.javafx.event.EventDispatchChainImpl.dispatchEvent(EventDispatchChainImpl.java:114)
	at com.sun.javafx.event.BasicEventDispatcher.dispatchEvent(BasicEventDispatcher.java:56)
	at com.sun.javafx.event.EventDispatchChainImpl.dispatchEvent(EventDispatchChainImpl.java:114)
	at com.sun.javafx.event.BasicEventDispatcher.dispatchEvent(BasicEventDispatcher.java:56)
	at com.sun.javafx.event.EventDispatchChainImpl.dispatchEvent(EventDispatchChainImpl.java:114)
	at com.sun.javafx.event.BasicEventDispatcher.dispatchEvent(BasicEventDispatcher.java:56)
	at com.sun.javafx.event.EventDispatchChainImpl.dispatchEvent(EventDispatchChainImpl.java:114)
	at com.sun.javafx.event.BasicEventDispatcher.dispatchEvent(BasicEventDispatcher.java:56)
	at com.sun.javafx.event.EventDispatchChainImpl.dispatchEvent(EventDispatchChainImpl.java:114)
	at com.sun.javafx.event.EventUtil.fireEventImpl(EventUtil.java:74)
	at com.sun.javafx.event.EventUtil.fireEvent(EventUtil.java:49)
	at javafx.event.Event.fireEvent(Event.java:198)
	at javafx.scene.Node.fireEvent(Node.java:8413)
	at javafx.scene.control.Button.fire(Button.java:185)
	at com.sun.javafx.scene.control.behavior.ButtonBehavior.mouseReleased(ButtonBehavior.java:182)
	at com.sun.javafx.scene.control.skin.BehaviorSkinBase$1.handle(BehaviorSkinBase.java:96)
	at com.sun.javafx.scene.control.skin.BehaviorSkinBase$1.handle(BehaviorSkinBase.java:89)
	at com.sun.javafx.event.CompositeEventHandler$NormalEventHandlerRecord.handleBubblingEvent(CompositeEventHandler.java:218)
	at com.sun.javafx.event.CompositeEventHandler.dispatchBubblingEvent(CompositeEventHandler.java:80)
	at com.sun.javafx.event.EventHandlerManager.dispatchBubblingEvent(EventHandlerManager.java:238)
	at com.sun.javafx.event.EventHandlerManager.dispatchBubblingEvent(EventHandlerManager.java:191)
	at com.sun.javafx.event.CompositeEventDispatcher.dispatchBubblingEvent(CompositeEventDispatcher.java:59)
	at com.sun.javafx.event.BasicEventDispatcher.dispatchEvent(BasicEventDispatcher.java:58)
	at com.sun.javafx.event.EventDispatchChainImpl.dispatchEvent(EventDispatchChainImpl.java:114)
	at com.sun.javafx.event.BasicEventDispatcher.dispatchEvent(BasicEventDispatcher.java:56)
	at com.sun.javafx.event.EventDispatchChainImpl.dispatchEvent(EventDispatchChainImpl.java:114)
	at com.sun.javafx.event.BasicEventDispatcher.dispatchEvent(BasicEventDispatcher.java:56)
	at com.sun.javafx.event.EventDispatchChainImpl.dispatchEvent(EventDispatchChainImpl.java:114)
	at com.sun.javafx.event.BasicEventDispatcher.dispatchEvent(BasicEventDispatcher.java:56)
	at com.sun.javafx.event.EventDispatchChainImpl.dispatchEvent(EventDispatchChainImpl.java:114)
	at com.sun.javafx.event.BasicEventDispatcher.dispatchEvent(BasicEventDispatcher.java:56)
	at com.sun.javafx.event.EventDispatchChainImpl.dispatchEvent(EventDispatchChainImpl.java:114)
	at com.sun.javafx.event.EventUtil.fireEventImpl(EventUtil.java:74)
	at com.sun.javafx.event.EventUtil.fireEvent(EventUtil.java:54)
	at javafx.event.Event.fireEvent(Event.java:198)
	at javafx.scene.Scene$MouseHandler.process(Scene.java:3757)
	at javafx.scene.Scene$MouseHandler.access$1500(Scene.java:3485)
	at javafx.scene.Scene.impl_processMouseEvent(Scene.java:1762)
	at javafx.scene.Scene$ScenePeerListener.mouseEvent(Scene.java:2494)
	at com.sun.javafx.tk.quantum.GlassViewEventHandler$MouseEventNotification.run(GlassViewEventHandler.java:381)
	at com.sun.javafx.tk.quantum.GlassViewEventHandler$MouseEventNotification.run(GlassViewEventHandler.java:295)
	at java.security.AccessController.doPrivileged(Native Method)
	at com.sun.javafx.tk.quantum.GlassViewEventHandler.lambda$handleMouseEvent$354(GlassViewEventHandler.java:417)
	at com.sun.javafx.tk.quantum.QuantumToolkit.runWithoutRenderLock(QuantumToolkit.java:389)
	at com.sun.javafx.tk.quantum.GlassViewEventHandler.handleMouseEvent(GlassViewEventHandler.java:416)
	at com.sun.glass.ui.View.handleMouseEvent(View.java:555)
	at com.sun.glass.ui.View.notifyMouse(View.java:937)
	at com.sun.glass.ui.monocle.MonocleView.notifyMouse(MonocleView.java:116)
	... 28 common frames omitted
2018-11-09 19:35:58,746 [ERROR] from com.jpro.meta.tk.SceneInputListener in JavaFX Application Thread - error in process input MouseEventToken(MouseReleased,1798.0,26.0,MouseButtonPrimary,false,false,false,false,false,false,false,false)
java.lang.reflect.InvocationTargetException: null
	at sun.reflect.GeneratedMethodAccessor12.invoke(Unknown Source)
	at sun.reflect.DelegatingMethodAccessorImpl.invoke(DelegatingMethodAccessorImpl.java:43)
	at java.lang.reflect.Method.invoke(Method.java:498)
	at simplefx.util.ReflectionUtil$UseReflection.applyDynamic(ReflectionUtil.scala:20)
	at com.jpro.meta.tk.SceneInputListener.processInputInScene(SceneInputListener.scala:111)
	at com.jpro.meta.tk.SceneInputListener.processInput(SceneInputListener.scala:66)
	at com.jpro.meta.tk.SceneInputListener.$anonfun$new$3(SceneInputListener.scala:46)
	at simplefx.cores.standard.parts.CoreTimeEvent.$anonfun$runAsAnimation$1(CoreTimeEvent.scala:59)
	at simplefx.cores.standard.parts.CoreTimeEvent$$anon$2.evaluateTasks$1(CoreTimeEvent.scala:41)
	at simplefx.cores.standard.parts.CoreTimeEvent$$anon$2.handle(CoreTimeEvent.scala:49)
	at javafx.animation.AnimationTimer$AnimationTimerReceiver.lambda$handle$484(AnimationTimer.java:57)
	at java.security.AccessController.doPrivileged(Native Method)
	at javafx.animation.AnimationTimer$AnimationTimerReceiver.handle(AnimationTimer.java:56)
	at com.sun.scenario.animation.AbstractMasterTimer.timePulseImpl(AbstractMasterTimer.java:357)
	at com.sun.scenario.animation.AbstractMasterTimer$MainLoop.run(AbstractMasterTimer.java:267)
	at com.sun.javafx.tk.quantum.QuantumToolkit.pulse(QuantumToolkit.java:506)
	at com.sun.javafx.tk.quantum.QuantumToolkit.pulse(QuantumToolkit.java:490)
	at com.sun.javafx.tk.quantum.QuantumToolkit.lambda$runToolkit$404(QuantumToolkit.java:319)
	at com.sun.glass.ui.monocle.RunnableProcessor.runLoop(RunnableProcessor.java:92)
	at com.sun.glass.ui.monocle.RunnableProcessor.run(RunnableProcessor.java:51)
	at java.lang.Thread.run(Thread.java:745)
Caused by: java.lang.reflect.InvocationTargetException: null
	at sun.reflect.GeneratedMethodAccessor13.invoke(Unknown Source)
	at sun.reflect.DelegatingMethodAccessorImpl.invoke(DelegatingMethodAccessorImpl.java:43)
	at java.lang.reflect.Method.invoke(Method.java:498)
	at simplefx.util.ReflectionUtil$UseReflection.applyDynamic(ReflectionUtil.scala:20)
	at com.sun.glass.ui.monocle.input.fork.NativeMouseInput.notifyMouse(NativeMouseInput.scala:322)
	at com.sun.glass.ui.monocle.input.fork.NativeMouseInput.postMouseEvent(NativeMouseInput.scala:222)
	at com.sun.glass.ui.monocle.input.fork.NativeMouseInput.setState(NativeMouseInput.scala:182)
	... 21 common frames omitted
Caused by: java.lang.UnsupportedOperationException: null
	at com.sun.glass.ui.monocle.MonocleApplication.staticCommonDialogs_showFileChooser(MonocleApplication.java:293)
	at com.sun.glass.ui.CommonDialogs.showFileChooser(CommonDialogs.java:212)
	at com.sun.javafx.tk.quantum.QuantumToolkit.showFileChooser(QuantumToolkit.java:1496)
	at javafx.stage.FileChooser.showDialog(FileChooser.java:416)
	at javafx.stage.FileChooser.showOpenDialog(FileChooser.java:350)
	at plug.ui2.model_view.LoadFilePane.selectFilePath(LoadFilePane.java:74)
	at com.sun.javafx.event.CompositeEventHandler.dispatchBubblingEvent(CompositeEventHandler.java:86)
	at com.sun.javafx.event.EventHandlerManager.dispatchBubblingEvent(EventHandlerManager.java:238)
	at com.sun.javafx.event.EventHandlerManager.dispatchBubblingEvent(EventHandlerManager.java:191)
	at com.sun.javafx.event.CompositeEventDispatcher.dispatchBubblingEvent(CompositeEventDispatcher.java:59)
	at com.sun.javafx.event.BasicEventDispatcher.dispatchEvent(BasicEventDispatcher.java:58)
	at com.sun.javafx.event.EventDispatchChainImpl.dispatchEvent(EventDispatchChainImpl.java:114)
	at com.sun.javafx.event.BasicEventDispatcher.dispatchEvent(BasicEventDispatcher.java:56)
	at com.sun.javafx.event.EventDispatchChainImpl.dispatchEvent(EventDispatchChainImpl.java:114)
	at com.sun.javafx.event.BasicEventDispatcher.dispatchEvent(BasicEventDispatcher.java:56)
	at com.sun.javafx.event.EventDispatchChainImpl.dispatchEvent(EventDispatchChainImpl.java:114)
	at com.sun.javafx.event.BasicEventDispatcher.dispatchEvent(BasicEventDispatcher.java:56)
	at com.sun.javafx.event.EventDispatchChainImpl.dispatchEvent(EventDispatchChainImpl.java:114)
	at com.sun.javafx.event.BasicEventDispatcher.dispatchEvent(BasicEventDispatcher.java:56)
	at com.sun.javafx.event.EventDispatchChainImpl.dispatchEvent(EventDispatchChainImpl.java:114)
	at com.sun.javafx.event.EventUtil.fireEventImpl(EventUtil.java:74)
	at com.sun.javafx.event.EventUtil.fireEvent(EventUtil.java:49)
	at javafx.event.Event.fireEvent(Event.java:198)
	at javafx.scene.Node.fireEvent(Node.java:8413)
	at javafx.scene.control.Button.fire(Button.java:185)
	at com.sun.javafx.scene.control.behavior.ButtonBehavior.mouseReleased(ButtonBehavior.java:182)
	at com.sun.javafx.scene.control.skin.BehaviorSkinBase$1.handle(BehaviorSkinBase.java:96)
	at com.sun.javafx.scene.control.skin.BehaviorSkinBase$1.handle(BehaviorSkinBase.java:89)
	at com.sun.javafx.event.CompositeEventHandler$NormalEventHandlerRecord.handleBubblingEvent(CompositeEventHandler.java:218)
	at com.sun.javafx.event.CompositeEventHandler.dispatchBubblingEvent(CompositeEventHandler.java:80)
	at com.sun.javafx.event.EventHandlerManager.dispatchBubblingEvent(EventHandlerManager.java:238)
	at com.sun.javafx.event.EventHandlerManager.dispatchBubblingEvent(EventHandlerManager.java:191)
	at com.sun.javafx.event.CompositeEventDispatcher.dispatchBubblingEvent(CompositeEventDispatcher.java:59)
	at com.sun.javafx.event.BasicEventDispatcher.dispatchEvent(BasicEventDispatcher.java:58)
	at com.sun.javafx.event.EventDispatchChainImpl.dispatchEvent(EventDispatchChainImpl.java:114)
	at com.sun.javafx.event.BasicEventDispatcher.dispatchEvent(BasicEventDispatcher.java:56)
	at com.sun.javafx.event.EventDispatchChainImpl.dispatchEvent(EventDispatchChainImpl.java:114)
	at com.sun.javafx.event.BasicEventDispatcher.dispatchEvent(BasicEventDispatcher.java:56)
	at com.sun.javafx.event.EventDispatchChainImpl.dispatchEvent(EventDispatchChainImpl.java:114)
	at com.sun.javafx.event.BasicEventDispatcher.dispatchEvent(BasicEventDispatcher.java:56)
	at com.sun.javafx.event.EventDispatchChainImpl.dispatchEvent(EventDispatchChainImpl.java:114)
	at com.sun.javafx.event.BasicEventDispatcher.dispatchEvent(BasicEventDispatcher.java:56)
	at com.sun.javafx.event.EventDispatchChainImpl.dispatchEvent(EventDispatchChainImpl.java:114)
	at com.sun.javafx.event.EventUtil.fireEventImpl(EventUtil.java:74)
	at com.sun.javafx.event.EventUtil.fireEvent(EventUtil.java:54)
	at javafx.event.Event.fireEvent(Event.java:198)
	at javafx.scene.Scene$MouseHandler.process(Scene.java:3757)
	at javafx.scene.Scene$MouseHandler.access$1500(Scene.java:3485)
	at javafx.scene.Scene.impl_processMouseEvent(Scene.java:1762)
	at javafx.scene.Scene$ScenePeerListener.mouseEvent(Scene.java:2494)
	at com.sun.javafx.tk.quantum.GlassViewEventHandler$MouseEventNotification.run(GlassViewEventHandler.java:381)
	at com.sun.javafx.tk.quantum.GlassViewEventHandler$MouseEventNotification.run(GlassViewEventHandler.java:295)
	at java.security.AccessController.doPrivileged(Native Method)
	at com.sun.javafx.tk.quantum.GlassViewEventHandler.lambda$handleMouseEvent$354(GlassViewEventHandler.java:417)
	at com.sun.javafx.tk.quantum.QuantumToolkit.runWithoutRenderLock(QuantumToolkit.java:389)
	at com.sun.javafx.tk.quantum.GlassViewEventHandler.handleMouseEvent(GlassViewEventHandler.java:416)
	at com.sun.glass.ui.View.handleMouseEvent(View.java:555)
	at com.sun.glass.ui.View.notifyMouse(View.java:937)
	at com.sun.glass.ui.monocle.MonocleView.notifyMouse(MonocleView.java:116)
	... 28 common frames omitted
2018-11-09 21:10:40,247 [ERROR] from com.jpro.meta.tk.SceneInputListener in JavaFX Application Thread - error in process input MouseEventToken(MouseReleased,1801.0,27.0,MouseButtonPrimary,false,false,false,false,false,false,false,false)
java.lang.reflect.InvocationTargetException: null
	at sun.reflect.GeneratedMethodAccessor13.invoke(Unknown Source)
	at sun.reflect.DelegatingMethodAccessorImpl.invoke(DelegatingMethodAccessorImpl.java:43)
	at java.lang.reflect.Method.invoke(Method.java:498)
	at simplefx.util.ReflectionUtil$UseReflection.applyDynamic(ReflectionUtil.scala:20)
	at com.jpro.meta.tk.SceneInputListener.processInputInScene(SceneInputListener.scala:111)
	at com.jpro.meta.tk.SceneInputListener.processInput(SceneInputListener.scala:66)
	at com.jpro.meta.tk.SceneInputListener.$anonfun$new$3(SceneInputListener.scala:46)
	at simplefx.cores.standard.parts.CoreTimeEvent.$anonfun$runAsAnimation$1(CoreTimeEvent.scala:59)
	at simplefx.cores.standard.parts.CoreTimeEvent$$anon$2.evaluateTasks$1(CoreTimeEvent.scala:41)
	at simplefx.cores.standard.parts.CoreTimeEvent$$anon$2.handle(CoreTimeEvent.scala:49)
	at javafx.animation.AnimationTimer$AnimationTimerReceiver.lambda$handle$484(AnimationTimer.java:57)
	at java.security.AccessController.doPrivileged(Native Method)
	at javafx.animation.AnimationTimer$AnimationTimerReceiver.handle(AnimationTimer.java:56)
	at com.sun.scenario.animation.AbstractMasterTimer.timePulseImpl(AbstractMasterTimer.java:357)
	at com.sun.scenario.animation.AbstractMasterTimer$MainLoop.run(AbstractMasterTimer.java:267)
	at com.sun.javafx.tk.quantum.QuantumToolkit.pulse(QuantumToolkit.java:506)
	at com.sun.javafx.tk.quantum.QuantumToolkit.pulse(QuantumToolkit.java:490)
	at com.sun.javafx.tk.quantum.QuantumToolkit.lambda$runToolkit$404(QuantumToolkit.java:319)
	at com.sun.glass.ui.monocle.RunnableProcessor.runLoop(RunnableProcessor.java:92)
	at com.sun.glass.ui.monocle.RunnableProcessor.run(RunnableProcessor.java:51)
	at java.lang.Thread.run(Thread.java:745)
Caused by: java.lang.reflect.InvocationTargetException: null
	at sun.reflect.GeneratedMethodAccessor11.invoke(Unknown Source)
	at sun.reflect.DelegatingMethodAccessorImpl.invoke(DelegatingMethodAccessorImpl.java:43)
	at java.lang.reflect.Method.invoke(Method.java:498)
	at simplefx.util.ReflectionUtil$UseReflection.applyDynamic(ReflectionUtil.scala:20)
	at com.sun.glass.ui.monocle.input.fork.NativeMouseInput.notifyMouse(NativeMouseInput.scala:322)
	at com.sun.glass.ui.monocle.input.fork.NativeMouseInput.postMouseEvent(NativeMouseInput.scala:222)
	at com.sun.glass.ui.monocle.input.fork.NativeMouseInput.setState(NativeMouseInput.scala:182)
	... 21 common frames omitted
Caused by: java.lang.UnsupportedOperationException: null
	at com.sun.glass.ui.monocle.MonocleApplication.staticCommonDialogs_showFileChooser(MonocleApplication.java:293)
	at com.sun.glass.ui.CommonDialogs.showFileChooser(CommonDialogs.java:212)
	at com.sun.javafx.tk.quantum.QuantumToolkit.showFileChooser(QuantumToolkit.java:1496)
	at javafx.stage.FileChooser.showDialog(FileChooser.java:416)
	at javafx.stage.FileChooser.showOpenDialog(FileChooser.java:350)
	at plug.ui2.model_view.LoadFilePane.selectFilePath(LoadFilePane.java:74)
	at com.sun.javafx.event.CompositeEventHandler.dispatchBubblingEvent(CompositeEventHandler.java:86)
	at com.sun.javafx.event.EventHandlerManager.dispatchBubblingEvent(EventHandlerManager.java:238)
	at com.sun.javafx.event.EventHandlerManager.dispatchBubblingEvent(EventHandlerManager.java:191)
	at com.sun.javafx.event.CompositeEventDispatcher.dispatchBubblingEvent(CompositeEventDispatcher.java:59)
	at com.sun.javafx.event.BasicEventDispatcher.dispatchEvent(BasicEventDispatcher.java:58)
	at com.sun.javafx.event.EventDispatchChainImpl.dispatchEvent(EventDispatchChainImpl.java:114)
	at com.sun.javafx.event.BasicEventDispatcher.dispatchEvent(BasicEventDispatcher.java:56)
	at com.sun.javafx.event.EventDispatchChainImpl.dispatchEvent(EventDispatchChainImpl.java:114)
	at com.sun.javafx.event.BasicEventDispatcher.dispatchEvent(BasicEventDispatcher.java:56)
	at com.sun.javafx.event.EventDispatchChainImpl.dispatchEvent(EventDispatchChainImpl.java:114)
	at com.sun.javafx.event.BasicEventDispatcher.dispatchEvent(BasicEventDispatcher.java:56)
	at com.sun.javafx.event.EventDispatchChainImpl.dispatchEvent(EventDispatchChainImpl.java:114)
	at com.sun.javafx.event.BasicEventDispatcher.dispatchEvent(BasicEventDispatcher.java:56)
	at com.sun.javafx.event.EventDispatchChainImpl.dispatchEvent(EventDispatchChainImpl.java:114)
	at com.sun.javafx.event.EventUtil.fireEventImpl(EventUtil.java:74)
	at com.sun.javafx.event.EventUtil.fireEvent(EventUtil.java:49)
	at javafx.event.Event.fireEvent(Event.java:198)
	at javafx.scene.Node.fireEvent(Node.java:8413)
	at javafx.scene.control.Button.fire(Button.java:185)
	at com.sun.javafx.scene.control.behavior.ButtonBehavior.mouseReleased(ButtonBehavior.java:182)
	at com.sun.javafx.scene.control.skin.BehaviorSkinBase$1.handle(BehaviorSkinBase.java:96)
	at com.sun.javafx.scene.control.skin.BehaviorSkinBase$1.handle(BehaviorSkinBase.java:89)
	at com.sun.javafx.event.CompositeEventHandler$NormalEventHandlerRecord.handleBubblingEvent(CompositeEventHandler.java:218)
	at com.sun.javafx.event.CompositeEventHandler.dispatchBubblingEvent(CompositeEventHandler.java:80)
	at com.sun.javafx.event.EventHandlerManager.dispatchBubblingEvent(EventHandlerManager.java:238)
	at com.sun.javafx.event.EventHandlerManager.dispatchBubblingEvent(EventHandlerManager.java:191)
	at com.sun.javafx.event.CompositeEventDispatcher.dispatchBubblingEvent(CompositeEventDispatcher.java:59)
	at com.sun.javafx.event.BasicEventDispatcher.dispatchEvent(BasicEventDispatcher.java:58)
	at com.sun.javafx.event.EventDispatchChainImpl.dispatchEvent(EventDispatchChainImpl.java:114)
	at com.sun.javafx.event.BasicEventDispatcher.dispatchEvent(BasicEventDispatcher.java:56)
	at com.sun.javafx.event.EventDispatchChainImpl.dispatchEvent(EventDispatchChainImpl.java:114)
	at com.sun.javafx.event.BasicEventDispatcher.dispatchEvent(BasicEventDispatcher.java:56)
	at com.sun.javafx.event.EventDispatchChainImpl.dispatchEvent(EventDispatchChainImpl.java:114)
	at com.sun.javafx.event.BasicEventDispatcher.dispatchEvent(BasicEventDispatcher.java:56)
	at com.sun.javafx.event.EventDispatchChainImpl.dispatchEvent(EventDispatchChainImpl.java:114)
	at com.sun.javafx.event.BasicEventDispatcher.dispatchEvent(BasicEventDispatcher.java:56)
	at com.sun.javafx.event.EventDispatchChainImpl.dispatchEvent(EventDispatchChainImpl.java:114)
	at com.sun.javafx.event.EventUtil.fireEventImpl(EventUtil.java:74)
	at com.sun.javafx.event.EventUtil.fireEvent(EventUtil.java:54)
	at javafx.event.Event.fireEvent(Event.java:198)
	at javafx.scene.Scene$MouseHandler.process(Scene.java:3757)
	at javafx.scene.Scene$MouseHandler.access$1500(Scene.java:3485)
	at javafx.scene.Scene.impl_processMouseEvent(Scene.java:1762)
	at javafx.scene.Scene$ScenePeerListener.mouseEvent(Scene.java:2494)
	at com.sun.javafx.tk.quantum.GlassViewEventHandler$MouseEventNotification.run(GlassViewEventHandler.java:381)
	at com.sun.javafx.tk.quantum.GlassViewEventHandler$MouseEventNotification.run(GlassViewEventHandler.java:295)
	at java.security.AccessController.doPrivileged(Native Method)
	at com.sun.javafx.tk.quantum.GlassViewEventHandler.lambda$handleMouseEvent$354(GlassViewEventHandler.java:417)
	at com.sun.javafx.tk.quantum.QuantumToolkit.runWithoutRenderLock(QuantumToolkit.java:389)
	at com.sun.javafx.tk.quantum.GlassViewEventHandler.handleMouseEvent(GlassViewEventHandler.java:416)
	at com.sun.glass.ui.View.handleMouseEvent(View.java:555)
	at com.sun.glass.ui.View.notifyMouse(View.java:937)
	at com.sun.glass.ui.monocle.MonocleView.notifyMouse(MonocleView.java:116)
	... 28 common frames omitted
2018-11-09 21:10:44,979 [ERROR] from com.jpro.meta.tk.SceneInputListener in JavaFX Application Thread - error in process input MouseEventToken(MouseReleased,1793.0,15.0,MouseButtonPrimary,false,false,false,false,false,false,false,false)
java.lang.reflect.InvocationTargetException: null
	at sun.reflect.GeneratedMethodAccessor13.invoke(Unknown Source)
	at sun.reflect.DelegatingMethodAccessorImpl.invoke(DelegatingMethodAccessorImpl.java:43)
	at java.lang.reflect.Method.invoke(Method.java:498)
	at simplefx.util.ReflectionUtil$UseReflection.applyDynamic(ReflectionUtil.scala:20)
	at com.jpro.meta.tk.SceneInputListener.processInputInScene(SceneInputListener.scala:111)
	at com.jpro.meta.tk.SceneInputListener.processInput(SceneInputListener.scala:66)
	at com.jpro.meta.tk.SceneInputListener.$anonfun$new$3(SceneInputListener.scala:46)
	at simplefx.cores.standard.parts.CoreTimeEvent.$anonfun$runAsAnimation$1(CoreTimeEvent.scala:59)
	at simplefx.cores.standard.parts.CoreTimeEvent$$anon$2.evaluateTasks$1(CoreTimeEvent.scala:41)
	at simplefx.cores.standard.parts.CoreTimeEvent$$anon$2.handle(CoreTimeEvent.scala:49)
	at javafx.animation.AnimationTimer$AnimationTimerReceiver.lambda$handle$484(AnimationTimer.java:57)
	at java.security.AccessController.doPrivileged(Native Method)
	at javafx.animation.AnimationTimer$AnimationTimerReceiver.handle(AnimationTimer.java:56)
	at com.sun.scenario.animation.AbstractMasterTimer.timePulseImpl(AbstractMasterTimer.java:357)
	at com.sun.scenario.animation.AbstractMasterTimer$MainLoop.run(AbstractMasterTimer.java:267)
	at com.sun.javafx.tk.quantum.QuantumToolkit.pulse(QuantumToolkit.java:506)
	at com.sun.javafx.tk.quantum.QuantumToolkit.pulse(QuantumToolkit.java:490)
	at com.sun.javafx.tk.quantum.QuantumToolkit.lambda$runToolkit$404(QuantumToolkit.java:319)
	at com.sun.glass.ui.monocle.RunnableProcessor.runLoop(RunnableProcessor.java:92)
	at com.sun.glass.ui.monocle.RunnableProcessor.run(RunnableProcessor.java:51)
	at java.lang.Thread.run(Thread.java:745)
Caused by: java.lang.reflect.InvocationTargetException: null
	at sun.reflect.GeneratedMethodAccessor11.invoke(Unknown Source)
	at sun.reflect.DelegatingMethodAccessorImpl.invoke(DelegatingMethodAccessorImpl.java:43)
	at java.lang.reflect.Method.invoke(Method.java:498)
	at simplefx.util.ReflectionUtil$UseReflection.applyDynamic(ReflectionUtil.scala:20)
	at com.sun.glass.ui.monocle.input.fork.NativeMouseInput.notifyMouse(NativeMouseInput.scala:322)
	at com.sun.glass.ui.monocle.input.fork.NativeMouseInput.postMouseEvent(NativeMouseInput.scala:222)
	at com.sun.glass.ui.monocle.input.fork.NativeMouseInput.setState(NativeMouseInput.scala:182)
	... 21 common frames omitted
Caused by: java.lang.UnsupportedOperationException: null
	at com.sun.glass.ui.monocle.MonocleApplication.staticCommonDialogs_showFileChooser(MonocleApplication.java:293)
	at com.sun.glass.ui.CommonDialogs.showFileChooser(CommonDialogs.java:212)
	at com.sun.javafx.tk.quantum.QuantumToolkit.showFileChooser(QuantumToolkit.java:1496)
	at javafx.stage.FileChooser.showDialog(FileChooser.java:416)
	at javafx.stage.FileChooser.showOpenDialog(FileChooser.java:350)
	at plug.ui2.model_view.LoadFilePane.selectFilePath(LoadFilePane.java:74)
	at com.sun.javafx.event.CompositeEventHandler.dispatchBubblingEvent(CompositeEventHandler.java:86)
	at com.sun.javafx.event.EventHandlerManager.dispatchBubblingEvent(EventHandlerManager.java:238)
	at com.sun.javafx.event.EventHandlerManager.dispatchBubblingEvent(EventHandlerManager.java:191)
	at com.sun.javafx.event.CompositeEventDispatcher.dispatchBubblingEvent(CompositeEventDispatcher.java:59)
	at com.sun.javafx.event.BasicEventDispatcher.dispatchEvent(BasicEventDispatcher.java:58)
	at com.sun.javafx.event.EventDispatchChainImpl.dispatchEvent(EventDispatchChainImpl.java:114)
	at com.sun.javafx.event.BasicEventDispatcher.dispatchEvent(BasicEventDispatcher.java:56)
	at com.sun.javafx.event.EventDispatchChainImpl.dispatchEvent(EventDispatchChainImpl.java:114)
	at com.sun.javafx.event.BasicEventDispatcher.dispatchEvent(BasicEventDispatcher.java:56)
	at com.sun.javafx.event.EventDispatchChainImpl.dispatchEvent(EventDispatchChainImpl.java:114)
	at com.sun.javafx.event.BasicEventDispatcher.dispatchEvent(BasicEventDispatcher.java:56)
	at com.sun.javafx.event.EventDispatchChainImpl.dispatchEvent(EventDispatchChainImpl.java:114)
	at com.sun.javafx.event.BasicEventDispatcher.dispatchEvent(BasicEventDispatcher.java:56)
	at com.sun.javafx.event.EventDispatchChainImpl.dispatchEvent(EventDispatchChainImpl.java:114)
	at com.sun.javafx.event.EventUtil.fireEventImpl(EventUtil.java:74)
	at com.sun.javafx.event.EventUtil.fireEvent(EventUtil.java:49)
	at javafx.event.Event.fireEvent(Event.java:198)
	at javafx.scene.Node.fireEvent(Node.java:8413)
	at javafx.scene.control.Button.fire(Button.java:185)
	at com.sun.javafx.scene.control.behavior.ButtonBehavior.mouseReleased(ButtonBehavior.java:182)
	at com.sun.javafx.scene.control.skin.BehaviorSkinBase$1.handle(BehaviorSkinBase.java:96)
	at com.sun.javafx.scene.control.skin.BehaviorSkinBase$1.handle(BehaviorSkinBase.java:89)
	at com.sun.javafx.event.CompositeEventHandler$NormalEventHandlerRecord.handleBubblingEvent(CompositeEventHandler.java:218)
	at com.sun.javafx.event.CompositeEventHandler.dispatchBubblingEvent(CompositeEventHandler.java:80)
	at com.sun.javafx.event.EventHandlerManager.dispatchBubblingEvent(EventHandlerManager.java:238)
	at com.sun.javafx.event.EventHandlerManager.dispatchBubblingEvent(EventHandlerManager.java:191)
	at com.sun.javafx.event.CompositeEventDispatcher.dispatchBubblingEvent(CompositeEventDispatcher.java:59)
	at com.sun.javafx.event.BasicEventDispatcher.dispatchEvent(BasicEventDispatcher.java:58)
	at com.sun.javafx.event.EventDispatchChainImpl.dispatchEvent(EventDispatchChainImpl.java:114)
	at com.sun.javafx.event.BasicEventDispatcher.dispatchEvent(BasicEventDispatcher.java:56)
	at com.sun.javafx.event.EventDispatchChainImpl.dispatchEvent(EventDispatchChainImpl.java:114)
	at com.sun.javafx.event.BasicEventDispatcher.dispatchEvent(BasicEventDispatcher.java:56)
	at com.sun.javafx.event.EventDispatchChainImpl.dispatchEvent(EventDispatchChainImpl.java:114)
	at com.sun.javafx.event.BasicEventDispatcher.dispatchEvent(BasicEventDispatcher.java:56)
	at com.sun.javafx.event.EventDispatchChainImpl.dispatchEvent(EventDispatchChainImpl.java:114)
	at com.sun.javafx.event.BasicEventDispatcher.dispatchEvent(BasicEventDispatcher.java:56)
	at com.sun.javafx.event.EventDispatchChainImpl.dispatchEvent(EventDispatchChainImpl.java:114)
	at com.sun.javafx.event.EventUtil.fireEventImpl(EventUtil.java:74)
	at com.sun.javafx.event.EventUtil.fireEvent(EventUtil.java:54)
	at javafx.event.Event.fireEvent(Event.java:198)
	at javafx.scene.Scene$MouseHandler.process(Scene.java:3757)
	at javafx.scene.Scene$MouseHandler.access$1500(Scene.java:3485)
	at javafx.scene.Scene.impl_processMouseEvent(Scene.java:1762)
	at javafx.scene.Scene$ScenePeerListener.mouseEvent(Scene.java:2494)
	at com.sun.javafx.tk.quantum.GlassViewEventHandler$MouseEventNotification.run(GlassViewEventHandler.java:381)
	at com.sun.javafx.tk.quantum.GlassViewEventHandler$MouseEventNotification.run(GlassViewEventHandler.java:295)
	at java.security.AccessController.doPrivileged(Native Method)
	at com.sun.javafx.tk.quantum.GlassViewEventHandler.lambda$handleMouseEvent$354(GlassViewEventHandler.java:417)
	at com.sun.javafx.tk.quantum.QuantumToolkit.runWithoutRenderLock(QuantumToolkit.java:389)
	at com.sun.javafx.tk.quantum.GlassViewEventHandler.handleMouseEvent(GlassViewEventHandler.java:416)
	at com.sun.glass.ui.View.handleMouseEvent(View.java:555)
	at com.sun.glass.ui.View.notifyMouse(View.java:937)
	at com.sun.glass.ui.monocle.MonocleView.notifyMouse(MonocleView.java:116)
	... 28 common frames omitted
2018-11-09 21:13:14,822 [WARN] from com.jpro.meta.tk.SceneInputListener in JavaFX Application Thread - Unknown Keycode: 220
2018-11-09 21:13:14,920 [WARN] from com.jpro.meta.tk.SceneInputListener in JavaFX Application Thread - Unknown Keycode: 220
2018-11-09 21:13:17,499 [WARN] from com.jpro.meta.tk.SceneInputListener in JavaFX Application Thread - Unknown Keycode: 219
2018-11-09 21:13:17,617 [WARN] from com.jpro.meta.tk.SceneInputListener in JavaFX Application Thread - Unknown Keycode: 219
2018-11-09 21:13:18,890 [WARN] from com.jpro.meta.tk.SceneInputListener in JavaFX Application Thread - Unknown Keycode: 221
2018-11-09 21:13:18,968 [WARN] from com.jpro.meta.tk.SceneInputListener in JavaFX Application Thread - Unknown Keycode: 221
2018-11-09 21:13:20,090 [WARN] from com.jpro.meta.tk.SceneInputListener in JavaFX Application Thread - Unknown Keycode: 186
2018-11-09 21:13:20,188 [WARN] from com.jpro.meta.tk.SceneInputListener in JavaFX Application Thread - Unknown Keycode: 186
2018-11-09 21:13:21,338 [WARN] from com.jpro.meta.tk.SceneInputListener in JavaFX Application Thread - Unknown Keycode: 219
2018-11-09 21:13:21,489 [WARN] from com.jpro.meta.tk.SceneInputListener in JavaFX Application Thread - Unknown Keycode: 219
2018-11-09 21:13:22,368 [WARN] from com.jpro.meta.tk.SceneInputListener in JavaFX Application Thread - Unknown Keycode: 221
2018-11-09 21:13:22,486 [WARN] from com.jpro.meta.tk.SceneInputListener in JavaFX Application Thread - Unknown Keycode: 221
2018-11-09 21:13:22,722 [WARN] from com.jpro.meta.tk.SceneInputListener in JavaFX Application Thread - Unknown Keycode: 187
2018-11-09 21:13:22,839 [WARN] from com.jpro.meta.tk.SceneInputListener in JavaFX Application Thread - Unknown Keycode: 187
2018-11-09 21:13:24,523 [WARN] from com.jpro.meta.tk.SceneInputListener in JavaFX Application Thread - Unknown Keycode: 220
2018-11-09 21:13:24,602 [WARN] from com.jpro.meta.tk.SceneInputListener in JavaFX Application Thread - Unknown Keycode: 220
2018-11-09 21:17:50,248 [WARN] from com.jpro.meta.tk.SceneInputListener in JavaFX Application Thread - Unknown Keycode: 220
2018-11-09 21:17:50,346 [WARN] from com.jpro.meta.tk.SceneInputListener in JavaFX Application Thread - Unknown Keycode: 220
2018-11-09 21:17:51,427 [WARN] from com.jpro.meta.tk.SceneInputListener in JavaFX Application Thread - Unknown Keycode: 219
2018-11-09 21:17:51,526 [WARN] from com.jpro.meta.tk.SceneInputListener in JavaFX Application Thread - Unknown Keycode: 219
2018-11-09 21:17:52,390 [WARN] from com.jpro.meta.tk.SceneInputListener in JavaFX Application Thread - Unknown Keycode: 221
2018-11-09 21:17:52,487 [WARN] from com.jpro.meta.tk.SceneInputListener in JavaFX Application Thread - Unknown Keycode: 221
2018-11-09 21:17:53,150 [WARN] from com.jpro.meta.tk.SceneInputListener in JavaFX Application Thread - Unknown Keycode: 186
2018-11-09 21:17:53,247 [WARN] from com.jpro.meta.tk.SceneInputListener in JavaFX Application Thread - Unknown Keycode: 186
2018-11-09 21:17:55,857 [WARN] from com.jpro.meta.tk.SceneInputListener in JavaFX Application Thread - Unknown Keycode: 219
2018-11-09 21:17:55,976 [WARN] from com.jpro.meta.tk.SceneInputListener in JavaFX Application Thread - Unknown Keycode: 219
2018-11-09 21:17:57,261 [WARN] from com.jpro.meta.tk.SceneInputListener in JavaFX Application Thread - Unknown Keycode: 221
2018-11-09 21:17:57,397 [WARN] from com.jpro.meta.tk.SceneInputListener in JavaFX Application Thread - Unknown Keycode: 221
2018-11-09 21:17:57,709 [WARN] from com.jpro.meta.tk.SceneInputListener in JavaFX Application Thread - Unknown Keycode: 187
2018-11-09 21:17:57,806 [WARN] from com.jpro.meta.tk.SceneInputListener in JavaFX Application Thread - Unknown Keycode: 187
2018-11-09 21:17:58,760 [WARN] from com.jpro.meta.tk.SceneInputListener in JavaFX Application Thread - Unknown Keycode: 220
2018-11-09 21:17:58,839 [WARN] from com.jpro.meta.tk.SceneInputListener in JavaFX Application Thread - Unknown Keycode: 220
2018-11-09 21:21:50,535 [WARN] from controllers.jpro in application-akka.actor.default-dispatcher-3 - jpro.plainFile - Couldn't get resource for: 'jpro/html/test/index.html'
2018-11-09 21:21:50,998 [WARN] from controllers.jpro in application-akka.actor.default-dispatcher-9 - jpro.plainFile - Couldn't get resource for: 'jpro/html/favicon.ico'
2018-11-09 21:21:54,992 [WARN] from controllers.jpro in application-akka.actor.default-dispatcher-10 - jpro.plainFile - Couldn't get resource for: 'jpro/html/test/fullscreen/index.html'
2018-11-09 23:27:36,918 [WARN] from controllers.jpro in application-akka.actor.default-dispatcher-11 - resource not available: java.io.FileNotFoundException: /var/folders/3z/kzzw_yd91wn6y_t5ytdv8v480000gn/T/+JXF7999706092819512526.tmp (No such file or directory)
2018-11-09 23:27:36,924 [WARN] from controllers.jpro in application-akka.actor.default-dispatcher-2 - resource not available: java.io.FileNotFoundException: /var/folders/3z/kzzw_yd91wn6y_t5ytdv8v480000gn/T/+JXF7999706092819512526.tmp (No such file or directory)
2018-11-09 23:27:36,930 [WARN] from controllers.jpro in application-akka.actor.default-dispatcher-11 - resource not available: java.io.FileNotFoundException: /var/folders/3z/kzzw_yd91wn6y_t5ytdv8v480000gn/T/+JXF7999706092819512526.tmp (No such file or directory)
2018-11-09 23:27:38,915 [WARN] from controllers.jpro in application-akka.actor.default-dispatcher-8 - resource not available: java.io.FileNotFoundException: /var/folders/3z/kzzw_yd91wn6y_t5ytdv8v480000gn/T/+JXF1367020570983322641.tmp (No such file or directory)
2018-11-09 23:27:38,920 [WARN] from controllers.jpro in application-akka.actor.default-dispatcher-10 - resource not available: java.io.FileNotFoundException: /var/folders/3z/kzzw_yd91wn6y_t5ytdv8v480000gn/T/+JXF1367020570983322641.tmp (No such file or directory)
2018-11-09 23:27:38,924 [WARN] from controllers.jpro in application-akka.actor.default-dispatcher-10 - resource not available: java.io.FileNotFoundException: /var/folders/3z/kzzw_yd91wn6y_t5ytdv8v480000gn/T/+JXF1367020570983322641.tmp (No such file or directory)
